<?xml version="1.0" encoding="UTF-8"?>
<testng-results skipped="0" failed="0" ignored="0" total="1" passed="1">
  <reporter-output>
  </reporter-output>
  <suite name="Default suite" duration-ms="1487" started-at="2020-08-09T02:42:58Z" finished-at="2020-08-09T02:43:00Z">
    <groups>
    </groups>
    <test name="Default test" duration-ms="1487" started-at="2020-08-09T02:42:58Z" finished-at="2020-08-09T02:43:00Z">
      <class name="Demo.Notepad">
        <test-method status="PASS" signature="setup()[pri:0, instance:Demo.Notepad@1a968a59]" name="setup" duration-ms="1443" started-at="2020-08-09T02:42:58Z" finished-at="2020-08-09T02:43:00Z">
          <reporter-output>
          </reporter-output>
        </test-method> <!-- setup -->
      </class> <!-- Demo.Notepad -->
    </test> <!-- Default test -->
  </suite> <!-- Default suite -->
</testng-results>
