<?xml version="1.0" encoding="UTF-8"?>
<testng-results skipped="0" failed="0" ignored="0" total="1" passed="1">
  <reporter-output>
  </reporter-output>
  <suite name="Default suite" duration-ms="1677" started-at="2020-08-05T21:03:12Z" finished-at="2020-08-05T21:03:14Z">
    <groups>
    </groups>
    <test name="Default test" duration-ms="1677" started-at="2020-08-05T21:03:12Z" finished-at="2020-08-05T21:03:14Z">
      <class name="Demo.WinAppDemo">
        <test-method status="PASS" signature="setup()[pri:0, instance:Demo.WinAppDemo@343f4d3d]" name="setup" duration-ms="1645" started-at="2020-08-05T21:03:12Z" finished-at="2020-08-05T21:03:14Z">
          <reporter-output>
          </reporter-output>
        </test-method> <!-- setup -->
      </class> <!-- Demo.WinAppDemo -->
    </test> <!-- Default test -->
  </suite> <!-- Default suite -->
</testng-results>
